<?xml version="1.0" encoding="UTF-8"?>
<coverage generated="1657892544462" clover="3.2.0">
  <project timestamp="1657892544462" name="All files">
    <metrics statements="53" coveredstatements="53" conditionals="23" coveredconditionals="21" methods="26" coveredmethods="26" elements="102" coveredelements="100" complexity="0" loc="53" ncloc="53" packages="1" files="5" classes="5"/>
    <file name="apiPublic.ts" path="/Users/amaurycoudray/Documents/tests/tictactoe/src/apiPublic.ts">
      <metrics statements="15" coveredstatements="15" conditionals="8" coveredconditionals="8" methods="6" coveredmethods="6"/>
      <line num="14" count="1" type="stmt"/>
      <line num="15" count="8" type="stmt"/>
      <line num="23" count="1" type="stmt"/>
      <line num="24" count="3" type="stmt"/>
      <line num="29" count="3" type="cond" truecount="2" falsecount="0"/>
      <line num="30" count="2" type="stmt"/>
      <line num="37" count="1" type="stmt"/>
      <line num="40" count="4" type="stmt"/>
      <line num="41" count="36" type="cond" truecount="4" falsecount="0"/>
      <line num="42" count="2" type="stmt"/>
      <line num="45" count="4" type="stmt"/>
      <line num="52" count="1" type="stmt"/>
      <line num="53" count="3" type="cond" truecount="2" falsecount="0"/>
      <line num="60" count="1" type="stmt"/>
      <line num="61" count="1" type="stmt"/>
    </file>
    <file name="getters.ts" path="/Users/amaurycoudray/Documents/tests/tictactoe/src/getters.ts">
      <metrics statements="11" coveredstatements="11" conditionals="2" coveredconditionals="2" methods="7" coveredmethods="7"/>
      <line num="7" count="1" type="stmt"/>
      <line num="8" count="24" type="stmt"/>
      <line num="9" count="72" type="cond" truecount="2" falsecount="0"/>
      <line num="11" count="1" type="stmt"/>
      <line num="12" count="24" type="stmt"/>
      <line num="14" count="1" type="stmt"/>
      <line num="15" count="434" type="stmt"/>
      <line num="17" count="288" type="stmt"/>
      <line num="23" count="1" type="stmt"/>
      <line num="24" count="36" type="stmt"/>
      <line num="25" count="144" type="stmt"/>
    </file>
    <file name="type.ts" path="/Users/amaurycoudray/Documents/tests/tictactoe/src/type.ts">
      <metrics statements="5" coveredstatements="5" conditionals="0" coveredconditionals="0" methods="0" coveredmethods="0"/>
      <line num="18" count="1" type="stmt"/>
      <line num="22" count="1" type="stmt"/>
      <line num="26" count="1" type="stmt"/>
      <line num="30" count="1" type="stmt"/>
      <line num="35" count="1" type="stmt"/>
    </file>
    <file name="typeGuard.ts" path="/Users/amaurycoudray/Documents/tests/tictactoe/src/typeGuard.ts">
      <metrics statements="4" coveredstatements="4" conditionals="2" coveredconditionals="2" methods="3" coveredmethods="3"/>
      <line num="3" count="5" type="stmt"/>
      <line num="5" count="210" type="stmt"/>
      <line num="7" count="1" type="stmt"/>
      <line num="8" count="27" type="cond" truecount="2" falsecount="0"/>
    </file>
    <file name="utils.ts" path="/Users/amaurycoudray/Documents/tests/tictactoe/src/utils.ts">
      <metrics statements="18" coveredstatements="18" conditionals="11" coveredconditionals="9" methods="10" coveredmethods="10"/>
      <line num="9" count="1" type="stmt"/>
      <line num="10" count="4" type="stmt"/>
      <line num="11" count="12" type="cond" truecount="1" falsecount="1"/>
      <line num="12" count="36" type="stmt"/>
      <line num="16" count="1" type="stmt"/>
      <line num="17" count="3" type="cond" truecount="2" falsecount="0"/>
      <line num="20" count="1" type="stmt"/>
      <line num="21" count="9" type="stmt"/>
      <line num="22" count="27" type="cond" truecount="2" falsecount="0"/>
      <line num="25" count="1" type="stmt"/>
      <line num="26" count="3" type="stmt"/>
      <line num="27" count="9" type="stmt"/>
      <line num="33" count="1" type="stmt"/>
      <line num="34" count="138" type="cond" truecount="3" falsecount="0"/>
      <line num="36" count="1" type="stmt"/>
      <line num="37" count="36" type="stmt"/>
      <line num="39" count="18" type="cond" truecount="1" falsecount="1"/>
      <line num="41" count="6" type="stmt"/>
    </file>
  </project>
</coverage>
