{"/Users/amaurycoudray/Documents/tests/tictactoe/src/apiPublic.ts": {"path":"/Users/amaurycoudray/Documents/tests/tictactoe/src/apiPublic.ts","statementMap":{"0":{"start":{"line":14,"column":31},"end":{"line":15,"column":55}},"1":{"start":{"line":15,"column":2},"end":{"line":15,"column":55}},"2":{"start":{"line":23,"column":24},"end":{"line":31,"column":1}},"3":{"start":{"line":24,"column":19},"end":{"line":28,"column":3}},"4":{"start":{"line":29,"column":2},"end":{"line":29,"column":63}},"5":{"start":{"line":29,"column":24},"end":{"line":29,"column":63}},"6":{"start":{"line":30,"column":2},"end":{"line":30,"column":24}},"7":{"start":{"line":37,"column":25},"end":{"line":46,"column":1}},"8":{"start":{"line":40,"column":2},"end":{"line":44,"column":5}},"9":{"start":{"line":41,"column":4},"end":{"line":43,"column":5}},"10":{"start":{"line":42,"column":6},"end":{"line":42,"column":41}},"11":{"start":{"line":45,"column":2},"end":{"line":45,"column":16}},"12":{"start":{"line":52,"column":22},"end":{"line":53,"column":58}},"13":{"start":{"line":53,"column":2},"end":{"line":53,"column":58}},"14":{"start":{"line":60,"column":26},"end":{"line":61,"column":86}},"15":{"start":{"line":61,"column":2},"end":{"line":61,"column":86}}},"fnMap":{"0":{"name":"(anonymous_0)","decl":{"start":{"line":14,"column":31},"end":{"line":14,"column":32}},"loc":{"start":{"line":15,"column":2},"end":{"line":15,"column":55}},"line":15},"1":{"name":"(anonymous_1)","decl":{"start":{"line":23,"column":24},"end":{"line":23,"column":25}},"loc":{"start":{"line":23,"column":71},"end":{"line":31,"column":1}},"line":23},"2":{"name":"(anonymous_2)","decl":{"start":{"line":37,"column":25},"end":{"line":37,"column":26}},"loc":{"start":{"line":37,"column":68},"end":{"line":46,"column":1}},"line":37},"3":{"name":"(anonymous_3)","decl":{"start":{"line":40,"column":20},"end":{"line":40,"column":21}},"loc":{"start":{"line":40,"column":36},"end":{"line":44,"column":3}},"line":40},"4":{"name":"(anonymous_4)","decl":{"start":{"line":52,"column":22},"end":{"line":52,"column":23}},"loc":{"start":{"line":53,"column":2},"end":{"line":53,"column":58}},"line":53},"5":{"name":"(anonymous_5)","decl":{"start":{"line":60,"column":26},"end":{"line":60,"column":27}},"loc":{"start":{"line":61,"column":2},"end":{"line":61,"column":86}},"line":61}},"branchMap":{"0":{"loc":{"start":{"line":29,"column":2},"end":{"line":29,"column":63}},"type":"if","locations":[{"start":{"line":29,"column":2},"end":{"line":29,"column":63}},{"start":{},"end":{}}],"line":29},"1":{"loc":{"start":{"line":41,"column":4},"end":{"line":43,"column":5}},"type":"if","locations":[{"start":{"line":41,"column":4},"end":{"line":43,"column":5}},{"start":{},"end":{}}],"line":41},"2":{"loc":{"start":{"line":41,"column":8},"end":{"line":41,"column":62}},"type":"binary-expr","locations":[{"start":{"line":41,"column":8},"end":{"line":41,"column":39}},{"start":{"line":41,"column":43},"end":{"line":41,"column":62}}],"line":41},"3":{"loc":{"start":{"line":53,"column":2},"end":{"line":53,"column":58}},"type":"binary-expr","locations":[{"start":{"line":53,"column":2},"end":{"line":53,"column":37}},{"start":{"line":53,"column":41},"end":{"line":53,"column":58}}],"line":53}},"s":{"0":1,"1":8,"2":1,"3":3,"4":3,"5":1,"6":2,"7":1,"8":4,"9":36,"10":2,"11":4,"12":1,"13":3,"14":1,"15":1},"f":{"0":8,"1":3,"2":4,"3":36,"4":3,"5":1},"b":{"0":[1,2],"1":[2,34],"2":[36,2],"3":[3,1]},"_coverageSchema":"1a1c01bbd47fc00a2c39e90264f33305004495a9","hash":"f989593aebc52d11761a9f20211092d011ace586"}
,"/Users/amaurycoudray/Documents/tests/tictactoe/src/getters.ts": {"path":"/Users/amaurycoudray/Documents/tests/tictactoe/src/getters.ts","statementMap":{"0":{"start":{"line":7,"column":2},"end":{"line":9,"column":32}},"1":{"start":{"line":8,"column":2},"end":{"line":9,"column":32}},"2":{"start":{"line":9,"column":4},"end":{"line":9,"column":32}},"3":{"start":{"line":11,"column":29},"end":{"line":12,"column":75}},"4":{"start":{"line":12,"column":2},"end":{"line":12,"column":75}},"5":{"start":{"line":14,"column":22},"end":{"line":15,"column":37}},"6":{"start":{"line":15,"column":2},"end":{"line":15,"column":37}},"7":{"start":{"line":17,"column":22},"end":{"line":20,"column":2}},"8":{"start":{"line":17,"column":87},"end":{"line":20,"column":1}},"9":{"start":{"line":23,"column":2},"end":{"line":29,"column":5}},"10":{"start":{"line":24,"column":2},"end":{"line":29,"column":5}},"11":{"start":{"line":25,"column":4},"end":{"line":29,"column":5}}},"fnMap":{"0":{"name":"(anonymous_0)","decl":{"start":{"line":7,"column":2},"end":{"line":7,"column":3}},"loc":{"start":{"line":8,"column":2},"end":{"line":9,"column":32}},"line":8},"1":{"name":"(anonymous_1)","decl":{"start":{"line":8,"column":2},"end":{"line":8,"column":3}},"loc":{"start":{"line":9,"column":4},"end":{"line":9,"column":32}},"line":9},"2":{"name":"(anonymous_2)","decl":{"start":{"line":11,"column":29},"end":{"line":11,"column":30}},"loc":{"start":{"line":12,"column":2},"end":{"line":12,"column":75}},"line":12},"3":{"name":"(anonymous_3)","decl":{"start":{"line":14,"column":22},"end":{"line":14,"column":23}},"loc":{"start":{"line":15,"column":2},"end":{"line":15,"column":37}},"line":15},"4":{"name":"(anonymous_4)","decl":{"start":{"line":17,"column":22},"end":{"line":17,"column":23}},"loc":{"start":{"line":17,"column":87},"end":{"line":20,"column":1}},"line":17},"5":{"name":"(anonymous_5)","decl":{"start":{"line":23,"column":2},"end":{"line":23,"column":3}},"loc":{"start":{"line":24,"column":2},"end":{"line":29,"column":5}},"line":24},"6":{"name":"(anonymous_6)","decl":{"start":{"line":24,"column":2},"end":{"line":24,"column":3}},"loc":{"start":{"line":25,"column":4},"end":{"line":29,"column":5}},"line":25}},"branchMap":{"0":{"loc":{"start":{"line":9,"column":4},"end":{"line":9,"column":32}},"type":"cond-expr","locations":[{"start":{"line":9,"column":12},"end":{"line":9,"column":21}},{"start":{"line":9,"column":24},"end":{"line":9,"column":32}}],"line":9}},"s":{"0":1,"1":24,"2":72,"3":1,"4":24,"5":1,"6":434,"7":1,"8":288,"9":1,"10":36,"11":144},"f":{"0":24,"1":72,"2":24,"3":434,"4":288,"5":36,"6":144},"b":{"0":[45,27]},"_coverageSchema":"1a1c01bbd47fc00a2c39e90264f33305004495a9","hash":"9cd55f05088795736345e9bdc9511325452221ad"}
,"/Users/amaurycoudray/Documents/tests/tictactoe/src/type.ts": {"path":"/Users/amaurycoudray/Documents/tests/tictactoe/src/type.ts","statementMap":{"0":{"start":{"line":18,"column":26},"end":{"line":21,"column":10}},"1":{"start":{"line":22,"column":23},"end":{"line":25,"column":10}},"2":{"start":{"line":26,"column":36},"end":{"line":29,"column":10}},"3":{"start":{"line":30,"column":32},"end":{"line":33,"column":10}},"4":{"start":{"line":35,"column":21},"end":{"line":35,"column":82}}},"fnMap":{},"branchMap":{},"s":{"0":1,"1":1,"2":1,"3":1,"4":1},"f":{},"b":{},"_coverageSchema":"1a1c01bbd47fc00a2c39e90264f33305004495a9","hash":"a7b2ecc565ee5e99a66bcd7f21324eb943d1f170"}
,"/Users/amaurycoudray/Documents/tests/tictactoe/src/typeGuard.ts": {"path":"/Users/amaurycoudray/Documents/tests/tictactoe/src/typeGuard.ts","statementMap":{"0":{"start":{"line":3,"column":27},"end":{"line":3,"column":95}},"1":{"start":{"line":3,"column":76},"end":{"line":3,"column":95}},"2":{"start":{"line":5,"column":25},"end":{"line":5,"column":85}},"3":{"start":{"line":5,"column":66},"end":{"line":5,"column":85}},"4":{"start":{"line":7,"column":32},"end":{"line":8,"column":74}},"5":{"start":{"line":8,"column":2},"end":{"line":8,"column":74}}},"fnMap":{"0":{"name":"(anonymous_0)","decl":{"start":{"line":3,"column":27},"end":{"line":3,"column":28}},"loc":{"start":{"line":3,"column":76},"end":{"line":3,"column":95}},"line":3},"1":{"name":"(anonymous_1)","decl":{"start":{"line":5,"column":25},"end":{"line":5,"column":26}},"loc":{"start":{"line":5,"column":66},"end":{"line":5,"column":85}},"line":5},"2":{"name":"(anonymous_2)","decl":{"start":{"line":7,"column":32},"end":{"line":7,"column":33}},"loc":{"start":{"line":8,"column":2},"end":{"line":8,"column":74}},"line":8}},"branchMap":{"0":{"loc":{"start":{"line":8,"column":2},"end":{"line":8,"column":74}},"type":"binary-expr","locations":[{"start":{"line":8,"column":2},"end":{"line":8,"column":36}},{"start":{"line":8,"column":40},"end":{"line":8,"column":74}}],"line":8}},"s":{"0":1,"1":5,"2":1,"3":210,"4":1,"5":27},"f":{"0":5,"1":210,"2":27},"b":{"0":[27,9]},"_coverageSchema":"1a1c01bbd47fc00a2c39e90264f33305004495a9","hash":"e5f15457f144f7156d67eb31f2c5f01ac17bf592"}
,"/Users/amaurycoudray/Documents/tests/tictactoe/src/utils.ts": {"path":"/Users/amaurycoudray/Documents/tests/tictactoe/src/utils.ts","statementMap":{"0":{"start":{"line":9,"column":26},"end":{"line":14,"column":1}},"1":{"start":{"line":10,"column":2},"end":{"line":13,"column":5}},"2":{"start":{"line":10,"column":15},"end":{"line":10,"column":16}},"3":{"start":{"line":11,"column":4},"end":{"line":13,"column":5}},"4":{"start":{"line":11,"column":17},"end":{"line":11,"column":18}},"5":{"start":{"line":12,"column":6},"end":{"line":12,"column":25}},"6":{"start":{"line":16,"column":18},"end":{"line":17,"column":93}},"7":{"start":{"line":17,"column":2},"end":{"line":17,"column":93}},"8":{"start":{"line":20,"column":2},"end":{"line":22,"column":97}},"9":{"start":{"line":21,"column":2},"end":{"line":22,"column":97}},"10":{"start":{"line":22,"column":4},"end":{"line":22,"column":97}},"11":{"start":{"line":25,"column":2},"end":{"line":31,"column":5}},"12":{"start":{"line":26,"column":2},"end":{"line":31,"column":5}},"13":{"start":{"line":27,"column":4},"end":{"line":31,"column":5}},"14":{"start":{"line":33,"column":22},"end":{"line":34,"column":51}},"15":{"start":{"line":34,"column":2},"end":{"line":34,"column":51}},"16":{"start":{"line":36,"column":28},"end":{"line":37,"column":87}},"17":{"start":{"line":37,"column":2},"end":{"line":37,"column":87}},"18":{"start":{"line":39,"column":17},"end":{"line":39,"column":49}},"19":{"start":{"line":39,"column":39},"end":{"line":39,"column":49}},"20":{"start":{"line":41,"column":24},"end":{"line":41,"column":89}},"21":{"start":{"line":41,"column":51},"end":{"line":41,"column":89}}},"fnMap":{"0":{"name":"(anonymous_0)","decl":{"start":{"line":9,"column":26},"end":{"line":9,"column":27}},"loc":{"start":{"line":9,"column":93},"end":{"line":14,"column":1}},"line":9},"1":{"name":"(anonymous_1)","decl":{"start":{"line":16,"column":18},"end":{"line":16,"column":19}},"loc":{"start":{"line":17,"column":2},"end":{"line":17,"column":93}},"line":17},"2":{"name":"(anonymous_2)","decl":{"start":{"line":20,"column":2},"end":{"line":20,"column":3}},"loc":{"start":{"line":21,"column":2},"end":{"line":22,"column":97}},"line":21},"3":{"name":"(anonymous_3)","decl":{"start":{"line":21,"column":2},"end":{"line":21,"column":3}},"loc":{"start":{"line":22,"column":4},"end":{"line":22,"column":97}},"line":22},"4":{"name":"(anonymous_4)","decl":{"start":{"line":25,"column":2},"end":{"line":25,"column":3}},"loc":{"start":{"line":26,"column":2},"end":{"line":31,"column":5}},"line":26},"5":{"name":"(anonymous_5)","decl":{"start":{"line":26,"column":2},"end":{"line":26,"column":3}},"loc":{"start":{"line":27,"column":4},"end":{"line":31,"column":5}},"line":27},"6":{"name":"(anonymous_6)","decl":{"start":{"line":33,"column":22},"end":{"line":33,"column":23}},"loc":{"start":{"line":34,"column":2},"end":{"line":34,"column":51}},"line":34},"7":{"name":"(anonymous_7)","decl":{"start":{"line":36,"column":28},"end":{"line":36,"column":29}},"loc":{"start":{"line":37,"column":2},"end":{"line":37,"column":87}},"line":37},"8":{"name":"(anonymous_8)","decl":{"start":{"line":39,"column":17},"end":{"line":39,"column":18}},"loc":{"start":{"line":39,"column":39},"end":{"line":39,"column":49}},"line":39},"9":{"name":"(anonymous_9)","decl":{"start":{"line":41,"column":24},"end":{"line":41,"column":25}},"loc":{"start":{"line":41,"column":51},"end":{"line":41,"column":89}},"line":41}},"branchMap":{"0":{"loc":{"start":{"line":11,"column":25},"end":{"line":11,"column":46}},"type":"binary-expr","locations":[{"start":{"line":11,"column":25},"end":{"line":11,"column":41}},{"start":{"line":11,"column":45},"end":{"line":11,"column":46}}],"line":11},"1":{"loc":{"start":{"line":17,"column":2},"end":{"line":17,"column":93}},"type":"cond-expr","locations":[{"start":{"line":17,"column":28},"end":{"line":17,"column":48}},{"start":{"line":17,"column":51},"end":{"line":17,"column":93}}],"line":17},"2":{"loc":{"start":{"line":22,"column":4},"end":{"line":22,"column":97}},"type":"cond-expr","locations":[{"start":{"line":22,"column":50},"end":{"line":22,"column":77}},{"start":{"line":22,"column":80},"end":{"line":22,"column":97}}],"line":22},"3":{"loc":{"start":{"line":34,"column":2},"end":{"line":34,"column":51}},"type":"binary-expr","locations":[{"start":{"line":34,"column":2},"end":{"line":34,"column":17}},{"start":{"line":34,"column":21},"end":{"line":34,"column":34}},{"start":{"line":34,"column":38},"end":{"line":34,"column":51}}],"line":34},"4":{"loc":{"start":{"line":39,"column":39},"end":{"line":39,"column":49}},"type":"binary-expr","locations":[{"start":{"line":39,"column":39},"end":{"line":39,"column":42}},{"start":{"line":39,"column":46},"end":{"line":39,"column":49}}],"line":39}},"s":{"0":1,"1":4,"2":4,"3":12,"4":12,"5":36,"6":1,"7":3,"8":1,"9":9,"10":27,"11":1,"12":3,"13":9,"14":1,"15":138,"16":1,"17":36,"18":1,"19":18,"20":1,"21":6},"f":{"0":4,"1":3,"2":9,"3":27,"4":3,"5":9,"6":138,"7":36,"8":18,"9":6},"b":{"0":[48,0],"1":[2,1],"2":[3,24],"3":[138,54,11],"4":[18,0]},"_coverageSchema":"1a1c01bbd47fc00a2c39e90264f33305004495a9","hash":"457a096f595400cf197160c4bd128959b66dae38"}
}
