TN:
SF:src/apiPublic.ts
FN:14,(anonymous_0)
FN:23,(anonymous_1)
FN:37,(anonymous_2)
FN:40,(anonymous_3)
FN:52,(anonymous_4)
FN:60,(anonymous_5)
FNF:6
FNH:6
FNDA:8,(anonymous_0)
FNDA:3,(anonymous_1)
FNDA:4,(anonymous_2)
FNDA:36,(anonymous_3)
FNDA:3,(anonymous_4)
FNDA:1,(anonymous_5)
DA:14,1
DA:15,8
DA:23,1
DA:24,3
DA:29,3
DA:30,2
DA:37,1
DA:40,4
DA:41,36
DA:42,2
DA:45,4
DA:52,1
DA:53,3
DA:60,1
DA:61,1
LF:15
LH:15
BRDA:29,0,0,1
BRDA:29,0,1,2
BRDA:41,1,0,2
BRDA:41,1,1,34
BRDA:41,2,0,36
BRDA:41,2,1,2
BRDA:53,3,0,3
BRDA:53,3,1,1
BRF:8
BRH:8
end_of_record
TN:
SF:src/getters.ts
FN:7,(anonymous_0)
FN:8,(anonymous_1)
FN:11,(anonymous_2)
FN:14,(anonymous_3)
FN:17,(anonymous_4)
FN:23,(anonymous_5)
FN:24,(anonymous_6)
FNF:7
FNH:7
FNDA:24,(anonymous_0)
FNDA:72,(anonymous_1)
FNDA:24,(anonymous_2)
FNDA:434,(anonymous_3)
FNDA:288,(anonymous_4)
FNDA:36,(anonymous_5)
FNDA:144,(anonymous_6)
DA:7,1
DA:8,24
DA:9,72
DA:11,1
DA:12,24
DA:14,1
DA:15,434
DA:17,288
DA:23,1
DA:24,36
DA:25,144
LF:11
LH:11
BRDA:9,0,0,45
BRDA:9,0,1,27
BRF:2
BRH:2
end_of_record
TN:
SF:src/type.ts
FNF:0
FNH:0
DA:18,1
DA:22,1
DA:26,1
DA:30,1
DA:35,1
LF:5
LH:5
BRF:0
BRH:0
end_of_record
TN:
SF:src/typeGuard.ts
FN:3,(anonymous_0)
FN:5,(anonymous_1)
FN:7,(anonymous_2)
FNF:3
FNH:3
FNDA:5,(anonymous_0)
FNDA:210,(anonymous_1)
FNDA:27,(anonymous_2)
DA:3,5
DA:5,210
DA:7,1
DA:8,27
LF:4
LH:4
BRDA:8,0,0,27
BRDA:8,0,1,9
BRF:2
BRH:2
end_of_record
TN:
SF:src/utils.ts
FN:9,(anonymous_0)
FN:16,(anonymous_1)
FN:20,(anonymous_2)
FN:21,(anonymous_3)
FN:25,(anonymous_4)
FN:26,(anonymous_5)
FN:33,(anonymous_6)
FN:36,(anonymous_7)
FN:39,(anonymous_8)
FN:41,(anonymous_9)
FNF:10
FNH:10
FNDA:4,(anonymous_0)
FNDA:3,(anonymous_1)
FNDA:9,(anonymous_2)
FNDA:27,(anonymous_3)
FNDA:3,(anonymous_4)
FNDA:9,(anonymous_5)
FNDA:138,(anonymous_6)
FNDA:36,(anonymous_7)
FNDA:18,(anonymous_8)
FNDA:6,(anonymous_9)
DA:9,1
DA:10,4
DA:11,12
DA:12,36
DA:16,1
DA:17,3
DA:20,1
DA:21,9
DA:22,27
DA:25,1
DA:26,3
DA:27,9
DA:33,1
DA:34,138
DA:36,1
DA:37,36
DA:39,18
DA:41,6
LF:18
LH:18
BRDA:11,0,0,48
BRDA:11,0,1,0
BRDA:17,1,0,2
BRDA:17,1,1,1
BRDA:22,2,0,3
BRDA:22,2,1,24
BRDA:34,3,0,138
BRDA:34,3,1,54
BRDA:34,3,2,11
BRDA:39,4,0,18
BRDA:39,4,1,0
BRF:11
BRH:9
end_of_record
